<?xml version="1.0" encoding="UTF-8"?>
<!-- Generated by org.testng.reporters.JUnitXMLReporter -->
<testsuite ignored="0" hostname="DESKTOP-AOU4GD0" failures="0" tests="4" name="Default test" time="30.245" errors="0" timestamp="21 Mar 2019 07:44:31 GMT">
  <testcase classname="com.TestCases.LoginPageTest" name="VerifyLogoOfThePage" time="0.049"/>
  <testcase classname="com.TestCases.LoginPageTest" name="VerifyTitleOfThePage" time="0.013"/>
  <testcase classname="com.TestCases.LoginPageTest" name="VerifyHomePage" time="2.01"/>
  <testcase classname="com.TestCases.LoginPageTest" name="VerifyErrorMessage" time="6.256"/>
</testsuite> <!-- Default test -->
