<?xml version="1.0" encoding="UTF-8"?>
<!-- Generated by org.testng.reporters.JUnitXMLReporter -->
<testsuite ignored="0" hostname="DESKTOP-AOU4GD0" failures="0" tests="4" name="Techfios Test Case" time="29.539" errors="0" timestamp="16 Mar 2019 07:11:57 GMT">
  <testcase classname="com.TestCases.LoginPageTest" name="VerifyLogoOfThePage" time="0.054"/>
  <testcase classname="com.TestCases.LoginPageTest" name="VerifyTitleOfThePage" time="0.009"/>
  <testcase classname="com.TestCases.LoginPageTest" name="VerifyLoginPage" time="1.871"/>
  <testcase classname="com.TestCases.LoginPageTest" name="VerifyErrorMessage" time="6.025"/>
</testsuite> <!-- Techfios Test Case -->
