<?xml version="1.0" encoding="UTF-8"?>
<testng-results ignored="0" total="4" passed="4" failed="0" skipped="0">
  <reporter-output>
  </reporter-output>
  <suite started-at="2019-03-21T07:44:01Z" name="Default suite" finished-at="2019-03-21T07:44:31Z" duration-ms="30245">
    <groups>
    </groups>
    <test started-at="2019-03-21T07:44:01Z" name="Default test" finished-at="2019-03-21T07:44:31Z" duration-ms="30245">
      <class name="com.TestCases.LoginPageTest">
        <test-method is-config="true" signature="SetUp()[pri:0, instance:com.TestCases.LoginPageTest@6a2f6f80]" started-at="2019-03-21T07:44:01Z" name="SetUp" finished-at="2019-03-21T07:44:06Z" duration-ms="5894" status="PASS">
          <reporter-output>
          </reporter-output>
        </test-method> <!-- SetUp -->
        <test-method signature="VerifyLogoOfThePage()[pri:0, instance:com.TestCases.LoginPageTest@6a2f6f80]" started-at="2019-03-21T07:44:06Z" name="VerifyLogoOfThePage" finished-at="2019-03-21T07:44:07Z" duration-ms="49" status="PASS">
          <reporter-output>
          </reporter-output>
        </test-method> <!-- VerifyLogoOfThePage -->
        <test-method is-config="true" signature="TearDown()[pri:0, instance:com.TestCases.LoginPageTest@6a2f6f80]" started-at="2019-03-21T07:44:07Z" name="TearDown" finished-at="2019-03-21T07:44:07Z" duration-ms="803" status="PASS">
          <reporter-output>
          </reporter-output>
        </test-method> <!-- TearDown -->
        <test-method is-config="true" signature="SetUp()[pri:0, instance:com.TestCases.LoginPageTest@6a2f6f80]" started-at="2019-03-21T07:44:07Z" name="SetUp" finished-at="2019-03-21T07:44:12Z" duration-ms="4312" status="PASS">
          <reporter-output>
          </reporter-output>
        </test-method> <!-- SetUp -->
        <test-method signature="VerifyTitleOfThePage()[pri:1, instance:com.TestCases.LoginPageTest@6a2f6f80]" started-at="2019-03-21T07:44:12Z" name="VerifyTitleOfThePage" finished-at="2019-03-21T07:44:12Z" duration-ms="13" status="PASS">
          <reporter-output>
          </reporter-output>
        </test-method> <!-- VerifyTitleOfThePage -->
        <test-method is-config="true" signature="TearDown()[pri:0, instance:com.TestCases.LoginPageTest@6a2f6f80]" started-at="2019-03-21T07:44:12Z" name="TearDown" finished-at="2019-03-21T07:44:12Z" duration-ms="718" status="PASS">
          <reporter-output>
          </reporter-output>
        </test-method> <!-- TearDown -->
        <test-method is-config="true" signature="SetUp()[pri:0, instance:com.TestCases.LoginPageTest@6a2f6f80]" started-at="2019-03-21T07:44:12Z" name="SetUp" finished-at="2019-03-21T07:44:17Z" duration-ms="4341" status="PASS">
          <reporter-output>
          </reporter-output>
        </test-method> <!-- SetUp -->
        <test-method signature="VerifyHomePage()[pri:2, instance:com.TestCases.LoginPageTest@6a2f6f80]" started-at="2019-03-21T07:44:17Z" name="VerifyHomePage" finished-at="2019-03-21T07:44:19Z" duration-ms="2010" status="PASS">
          <reporter-output>
          </reporter-output>
        </test-method> <!-- VerifyHomePage -->
        <test-method is-config="true" signature="TearDown()[pri:0, instance:com.TestCases.LoginPageTest@6a2f6f80]" started-at="2019-03-21T07:44:19Z" name="TearDown" finished-at="2019-03-21T07:44:19Z" duration-ms="718" status="PASS">
          <reporter-output>
          </reporter-output>
        </test-method> <!-- TearDown -->
        <test-method is-config="true" signature="SetUp()[pri:0, instance:com.TestCases.LoginPageTest@6a2f6f80]" started-at="2019-03-21T07:44:19Z" name="SetUp" finished-at="2019-03-21T07:44:24Z" duration-ms="4345" status="PASS">
          <reporter-output>
          </reporter-output>
        </test-method> <!-- SetUp -->
        <test-method signature="VerifyErrorMessage()[pri:3, instance:com.TestCases.LoginPageTest@6a2f6f80]" started-at="2019-03-21T07:44:24Z" name="VerifyErrorMessage" finished-at="2019-03-21T07:44:30Z" duration-ms="6256" status="PASS">
          <reporter-output>
          </reporter-output>
        </test-method> <!-- VerifyErrorMessage -->
        <test-method is-config="true" signature="TearDown()[pri:0, instance:com.TestCases.LoginPageTest@6a2f6f80]" started-at="2019-03-21T07:44:30Z" name="TearDown" finished-at="2019-03-21T07:44:31Z" duration-ms="739" status="PASS">
          <reporter-output>
          </reporter-output>
        </test-method> <!-- TearDown -->
      </class> <!-- com.TestCases.LoginPageTest -->
    </test> <!-- Default test -->
  </suite> <!-- Default suite -->
</testng-results>
